<?xml version="1.0" encoding="UTF-8"?>
<!-- Generated by org.testng.reporters.JUnitReportReporter -->
<testsuite skipped="0" hostname="KH-HYD-35" name="com.trial.CreateTrialUsers" tests="2" failures="0" timestamp="2021-05-01T19:05:01 IST" time="7.040" errors="0">
  <testcase name="CreateValidTrialUser" time="5.527" classname="com.trial.CreateTrialUsers"/>
  <system-out/>
  <testcase name="CreateExistingTrialUser" time="1.513" classname="com.trial.CreateTrialUsers"/>
  <system-out/>
</testsuite> <!-- com.trial.CreateTrialUsers -->
