<?xml version="1.0" encoding="UTF-8"?>
<!-- Generated by org.testng.reporters.JUnitReportReporter -->
<testsuite skipped="0" hostname="KH-HYD-35" name="com.userinvite.CreateOrder" tests="1" failures="0" timestamp="2021-05-09T17:20:54 IST" time="17.484" errors="0">
  <testcase name="createOrder" time="17.484" classname="com.userinvite.CreateOrder"/>
  <system-out/>
</testsuite> <!-- com.userinvite.CreateOrder -->
