<?xml version="1.0" encoding="UTF-8"?>
<!-- Generated by org.testng.reporters.JUnitReportReporter -->
<testsuite skipped="0" hostname="KH-HYD-35" name="com.trial.CreateTrialUsers" tests="2" failures="0" timestamp="2021-04-26T15:19:22 IST" time="6.334" errors="0">
  <testcase name="CreateValidTrialUser" time="5.010" classname="com.trial.CreateTrialUsers"/>
  <system-out/>
  <testcase name="CreateExistingTrialUser" time="1.324" classname="com.trial.CreateTrialUsers"/>
  <system-out/>
</testsuite> <!-- com.trial.CreateTrialUsers -->
