<?xml version="1.0" encoding="UTF-8"?>
<!-- Generated by org.testng.reporters.JUnitReportReporter -->
<testsuite skipped="3" hostname="KH-HYD-35" name="com.trial.CreateTrialUsers_InvalidData" tests="5" failures="0" timestamp="2021-05-01T19:05:01 IST" time="4.099" errors="0">
  <testcase name="Email_invalid" time="2.860" classname="com.trial.CreateTrialUsers_InvalidData"/>
  <system-out/>
  <testcase name="Email_blank" time="1.239" classname="com.trial.CreateTrialUsers_InvalidData"/>
  <system-out/>
  <testcase name="Name_splchars" classname="com.trial.CreateTrialUsers_InvalidData">
    <skipped/>
  </testcase> <!-- Name_splchars -->
  <system-out/>
  <testcase name="InValidUserID_splchars" classname="com.trial.CreateTrialUsers_InvalidData">
    <skipped/>
  </testcase> <!-- InValidUserID_splchars -->
  <system-out/>
  <testcase name="InValidUserID_string" classname="com.trial.CreateTrialUsers_InvalidData">
    <skipped/>
  </testcase> <!-- InValidUserID_string -->
  <system-out/>
</testsuite> <!-- com.trial.CreateTrialUsers_InvalidData -->
