<?xml version="1.0" encoding="UTF-8"?>
<!-- Generated by org.testng.reporters.JUnitReportReporter -->
<testsuite skipped="0" hostname="KH-HYD-35" name="com.userinvite.CreateOrder" tests="1" failures="0" timestamp="2021-05-25T10:55:50 IST" time="12.231" errors="0">
  <testcase name="createOrder" time="12.231" classname="com.userinvite.CreateOrder"/>
  <system-out/>
</testsuite> <!-- com.userinvite.CreateOrder -->
