<?xml version="1.0" encoding="UTF-8"?>
<!-- Generated by org.testng.reporters.JUnitReportReporter -->
<testsuite skipped="0" hostname="KH-HYD-35" name="com.trial.CreateTrialUsers" tests="2" failures="0" timestamp="2021-05-12T14:05:30 IST" time="8.010" errors="0">
  <testcase name="CreateValidTrialUser" time="6.650" classname="com.trial.CreateTrialUsers"/>
  <system-out/>
  <testcase name="CreateExistingTrialUser" time="1.360" classname="com.trial.CreateTrialUsers"/>
  <system-out/>
</testsuite> <!-- com.trial.CreateTrialUsers -->
